<?xml version="1.0" encoding="UTF-8"?>
<!-- Generated by org.testng.reporters.JUnitReportReporter -->
<testsuite hostname="DESKTOP-H4IIQDR" failures="0" tests="2" name="Day_14.test_loginfile" time="5.863" errors="0" timestamp="2024-08-05T13:26:57 IST" skipped="0">
  <testcase classname="Day_14.test_loginfile" name="Logo_check" time="2.229"/>
  <system-out/>
  <testcase classname="Day_14.test_loginfile" name="TestLogin" time="3.634"/>
  <system-out/>
</testsuite> <!-- Day_14.test_loginfile -->
