<?xml version="1.0" encoding="UTF-8"?>
<!-- Generated by org.testng.reporters.JUnitReportReporter -->
<testsuite hostname="DESKTOP-H4IIQDR" failures="0" tests="3" name="Day_14.New_test" time="0.021" errors="0" timestamp="2024-08-06T11:43:56 IST" skipped="0">
  <testcase classname="Day_14.New_test" name="OpenURL" time="0.007"/>
  <system-out/>
  <testcase classname="Day_14.New_test" name="Login" time="0.003"/>
  <system-out/>
  <testcase classname="Day_14.New_test" name="Logout" time="0.011"/>
  <system-out/>
</testsuite> <!-- Day_14.New_test -->
