<?xml version="1.0" encoding="UTF-8"?>
<!-- Generated by org.testng.reporters.JUnitReportReporter -->
<testsuite hostname="DESKTOP-H4IIQDR" failures="0" tests="2" name="Day_14.Test_demo" time="0.017" errors="0" timestamp="2024-08-06T12:02:53 IST" skipped="0">
  <testcase classname="Day_14.Test_demo" name="in" time="0.003"/>
  <system-out/>
  <testcase classname="Day_14.Test_demo" name="at" time="0.014"/>
  <system-out/>
</testsuite> <!-- Day_14.Test_demo -->
