<?xml version="1.0" encoding="UTF-8"?>
<!-- Generated by org.testng.reporters.JUnitReportReporter -->
<testsuite hostname="DESKTOP-H4IIQDR" failures="0" tests="1" name="Day_14.Grouping_intestNG" time="0.022" errors="0" timestamp="2024-08-06T12:02:11 IST" skipped="0">
  <testcase classname="Day_14.Grouping_intestNG" name="signupBymail" time="0.022"/>
  <system-out/>
</testsuite> <!-- Day_14.Grouping_intestNG -->
