<?xml version="1.0" encoding="UTF-8"?>
<!-- Generated by org.testng.reporters.JUnitReportReporter -->
<testsuite hostname="DESKTOP-H4IIQDR" failures="0" tests="4" name="Day_14.OrangeHRM" time="20.812" errors="0" timestamp="2024-08-06T12:11:42 IST" skipped="0">
  <testcase classname="Day_14.OrangeHRM" name="teraUp" time="8.316"/>
  <system-out/>
  <testcase classname="Day_14.OrangeHRM" name="logo" time="0.839"/>
  <system-out/>
  <testcase classname="Day_14.OrangeHRM" name="Login" time="11.363"/>
  <system-out/>
  <testcase classname="Day_14.OrangeHRM" name="teraDown" time="0.294"/>
  <system-out/>
</testsuite> <!-- Day_14.OrangeHRM -->
