<?xml version="1.0" encoding="UTF-8"?>
<!-- Generated by org.testng.reporters.JUnitReportReporter -->
<testsuite hostname="DESKTOP-H4IIQDR" failures="0" tests="2" name="Day_14.class_demo" time="0.018" errors="0" timestamp="2024-08-01T11:42:21 IST" skipped="0">
  <testcase classname="Day_14.class_demo" name="Search" time="0.014"/>
  <system-out/>
  <testcase classname="Day_14.class_demo" name="AdvanceSearch" time="0.004"/>
  <system-out/>
</testsuite> <!-- Day_14.class_demo -->
