<?xml version="1.0" encoding="UTF-8"?>
<!-- Generated by org.testng.reporters.JUnitReportReporter -->
<testsuite hostname="DESKTOP-H4IIQDR" failures="0" tests="2" name="Day_14.Annotation_demo" time="0.032" errors="0" timestamp="2024-08-01T11:35:08 IST" skipped="0">
  <testcase classname="Day_14.Annotation_demo" name="Search" time="0.016"/>
  <system-out/>
  <testcase classname="Day_14.Annotation_demo" name="AdvanceSearch" time="0.016"/>
  <system-out/>
</testsuite> <!-- Day_14.Annotation_demo -->
