<?xml version="1.0" encoding="UTF-8"?>
<!-- Generated by org.testng.reporters.JUnitReportReporter -->
<testsuite hostname="DESKTOP-H4IIQDR" failures="0" tests="4" name="Day_14.first_test1" time="17.286" errors="0" timestamp="2024-08-06T12:30:49 IST" skipped="0">
  <testcase classname="Day_14.first_test1" name="tearUp" time="4.998"/>
  <system-out/>
  <testcase classname="Day_14.first_test1" name="Logo" time="0.769"/>
  <system-out/>
  <testcase classname="Day_14.first_test1" name="Login" time="11.279"/>
  <system-out/>
  <testcase classname="Day_14.first_test1" name="teaeDown" time="0.240"/>
  <system-out/>
</testsuite> <!-- Day_14.first_test1 -->
