<?xml version="1.0" encoding="UTF-8"?>
<!-- Generated by org.testng.reporters.JUnitReportReporter -->
<testsuite hostname="DESKTOP-H4IIQDR" failures="0" tests="4" name="Day_14.first_test1" time="16.628" errors="0" timestamp="2024-08-07T11:57:09 IST" skipped="0">
  <testcase classname="Day_14.first_test1" name="tearUp" time="4.805"/>
  <testcase classname="Day_14.first_test1" name="Logo" time="0.584"/>
  <testcase classname="Day_14.first_test1" name="Login" time="10.802"/>
  <testcase classname="Day_14.first_test1" name="teaeDown" time="0.437"/>
</testsuite> <!-- Day_14.first_test1 -->
